<?xml version="1.0" encoding="UTF-8"?>
<!-- Generated by org.testng.reporters.JUnitReportReporter -->
<testsuite hostname="DESKTOP-CD78HT5" failures="0" tests="1" name="com.selenium.practice.SeleniumPractice.DemoQATest" time="8.982" errors="0" timestamp="2025-06-12T09:41:08 IST" skipped="0">
  <testcase classname="com.selenium.practice.SeleniumPractice.DemoQATest" name="Gsearch" time="8.982"/>
</testsuite> <!-- com.selenium.practice.SeleniumPractice.DemoQATest -->
