<?xml version="1.0" encoding="UTF-8"?>
<!-- Generated by org.testng.reporters.JUnitReportReporter -->
<testsuite hostname="DESKTOP-CD78HT5" failures="0" tests="3" name="com.selenium.practice.SeleniumPractice.PracticeRsaTest" time="20.152" errors="0" timestamp="2025-07-02T20:03:33 IST" skipped="0">
  <testcase classname="com.selenium.practice.SeleniumPractice.PracticeRsaTest" name="DropdownExample" time="6.478"/>
  <testcase classname="com.selenium.practice.SeleniumPractice.PracticeRsaTest" name="RadioButtonExample" time="8.084"/>
  <testcase classname="com.selenium.practice.SeleniumPractice.PracticeRsaTest" name="AutoSuggestionExample" time="5.590"/>
</testsuite> <!-- com.selenium.practice.SeleniumPractice.PracticeRsaTest -->
