<?xml version="1.0" encoding="UTF-8"?>
<!-- Generated by org.testng.reporters.JUnitReportReporter -->
<testsuite hostname="DESKTOP-CD78HT5" failures="0" tests="7" name="com.selenium.practice.SeleniumPractice.PracticeRsaTest2" time="43.085" errors="0" timestamp="2025-07-02T20:09:47 IST" skipped="0">
  <testcase classname="com.selenium.practice.SeleniumPractice.PracticeRsaTest2" name="DropdownExample" time="5.159"/>
  <testcase classname="com.selenium.practice.SeleniumPractice.PracticeRsaTest2" name="AutoSuggestionExample" time="5.319"/>
  <testcase classname="com.selenium.practice.SeleniumPractice.PracticeRsaTest2" name="PromptAlert" time="3.265"/>
  <testcase classname="com.selenium.practice.SeleniumPractice.PracticeRsaTest2" name="RadioButtonExample" time="7.949"/>
  <testcase classname="com.selenium.practice.SeleniumPractice.PracticeRsaTest2" name="ConfirmationAlert" time="3.110"/>
  <testcase classname="com.selenium.practice.SeleniumPractice.PracticeRsaTest2" name="SimpleAlert" time="12.451"/>
  <testcase classname="com.selenium.practice.SeleniumPractice.PracticeRsaTest2" name="MouseOverExample" time="5.832"/>
</testsuite> <!-- com.selenium.practice.SeleniumPractice.PracticeRsaTest2 -->
