<?xml version="1.0" encoding="UTF-8"?>
<!-- Generated by org.testng.reporters.JUnitReportReporter -->
<testsuite hostname="DESKTOP-CD78HT5" failures="0" tests="2" name="com.selenium.practice.SeleniumPractice.PracticeRsaTest" time="32.845" errors="0" timestamp="2025-06-20T13:46:08 IST" skipped="0">
  <testcase classname="com.selenium.practice.SeleniumPractice.PracticeRsaTest" name="AutoSuggestionExample" time="23.043"/>
  <testcase classname="com.selenium.practice.SeleniumPractice.PracticeRsaTest" name="RadioButtonExample" time="9.802"/>
</testsuite> <!-- com.selenium.practice.SeleniumPractice.PracticeRsaTest -->
