<?xml version="1.0" encoding="UTF-8"?>
<!-- Generated by org.testng.reporters.JUnitReportReporter -->
<testsuite hostname="DESKTOP-CD78HT5" failures="0" tests="1" name="com.selenium.practice.SeleniumPractice.DemoQATestTest" time="4.267" errors="0" timestamp="2025-06-04T11:58:11 IST" skipped="0">
  <testcase classname="com.selenium.practice.SeleniumPractice.DemoQATestTest" name="Gsearch" time="4.267"/>
</testsuite> <!-- com.selenium.practice.SeleniumPractice.DemoQATestTest -->
