<?xml version="1.0" encoding="UTF-8"?>
<!-- Generated by org.testng.reporters.JUnitReportReporter -->
<testsuite hostname="DESKTOP-CD78HT5" failures="0" tests="1" name="com.selenium.practice.SeleniumPractice.DemoQATest" time="17.341" errors="0" timestamp="2025-06-20T13:46:08 IST" skipped="0">
  <testcase classname="com.selenium.practice.SeleniumPractice.DemoQATest" name="InputForm" time="17.341"/>
</testsuite> <!-- com.selenium.practice.SeleniumPractice.DemoQATest -->
