<?xml version="1.0" encoding="UTF-8"?>
<!-- Generated by org.testng.reporters.JUnitReportReporter -->
<testsuite hostname="DESKTOP-CD78HT5" failures="0" tests="3" name="com.selenium.practice.SeleniumPractice.PracticeRsaTest" time="22.574" errors="0" timestamp="2025-06-20T16:38:00 IST" skipped="0">
  <testcase classname="com.selenium.practice.SeleniumPractice.PracticeRsaTest" name="AutoSuggestionExample" time="6.320"/>
  <testcase classname="com.selenium.practice.SeleniumPractice.PracticeRsaTest" name="DropdownExample" time="6.330"/>
  <testcase classname="com.selenium.practice.SeleniumPractice.PracticeRsaTest" name="RadioButtonExample" time="9.924"/>
</testsuite> <!-- com.selenium.practice.SeleniumPractice.PracticeRsaTest -->
